<?xml version="1.0" encoding="UTF-8"?>
<!-- Generated by org.testng.reporters.JUnitReportReporter -->
<testsuite hostname="DESKTOP-IH2TBC9" failures="0" tests="1" name="WithUtlities_ContactTest.CreateContactWithOrgTest1" time="644.418" errors="0" timestamp="08 May 2025 10:47:39 GMT" skipped="0">
  <testcase classname="WithUtlities_ContactTest.CreateContactWithOrgTest1" name="testcase1" time="644.418"/>
</testsuite> <!-- WithUtlities_ContactTest.CreateContactWithOrgTest1 -->
