<?xml version="1.0" encoding="UTF-8"?>
<!-- Generated by org.testng.reporters.JUnitReportReporter -->
<testsuite hostname="DESKTOP-IH2TBC9" failures="0" tests="1" name="WithUtilities_OrgTest.launch_Browser" time="130.031" errors="0" timestamp="26 May 2025 04:54:45 GMT" skipped="0">
  <testcase classname="WithUtilities_OrgTest.launch_Browser" name="launchBrowser" time="130.031"/>
</testsuite> <!-- WithUtilities_OrgTest.launch_Browser -->
